travis_fold:start:worker_info[0K[33;1mWorker information[0m
hostname: 602c83cc-9dce-486c-bd23-10bceaac53c9@1.worker-org-b6c9dcb4d-qf4zf.gce-production-1
version: v6.2.1 https://github.com/travis-ci/worker/tree/4e3246c044eb4915c2378ffacd0b3d3ed0136bba
instance: travis-job-024deafd-93e2-4bd1-878f-82b6a443c130 travis-ci-sardonyx-xenial-1564753966-0c06deb6 (via amqp)
startup: 6.623129138s
travis_fold:end:worker_info[0Kcurl: (7) Failed to connect to whereami.travis-ci.com port 443: Connection timed out
travis_fold:start:system_info[0K[33;1mBuild system information[0m
Build language: java
Build group: stable
Build dist: xenial
Build id: 569166887
Job id: 569166889
Runtime kernel version: 4.15.0-1037-gcp
travis-build version: fb89c531e
[34m[1mBuild image provisioning date and time[0m
Fri Aug  2 14:28:59 UTC 2019
[34m[1mOperating System Details[0m
Distributor ID:	Ubuntu
Description:	Ubuntu 16.04.6 LTS
Release:	16.04
Codename:	xenial
[34m[1mSystemd Version[0m
systemd 229
[34m[1mCookbooks Version[0m
790f512 https://github.com/travis-ci/travis-cookbooks/tree/790f512
[34m[1mgit version[0m
git version 2.22.0
[34m[1mbash version[0m
GNU bash, version 4.3.48(1)-release (x86_64-pc-linux-gnu)
[34m[1mgcc version[0m
gcc (Ubuntu 5.4.0-6ubuntu1~16.04.11) 5.4.0 20160609
[34m[1mdocker version[0m
Client:
 Version:           18.06.0-ce
 API version:       1.38
 Go version:        go1.10.3
 Git commit:        0ffa825
 Built:             Wed Jul 18 19:11:02 2018
 OS/Arch:           linux/amd64
 Experimental:      false

Server:
 Engine:
  Version:          18.06.0-ce
  API version:      1.38 (minimum version 1.12)
  Go version:       go1.10.3
  Git commit:       0ffa825
  Built:            Wed Jul 18 19:09:05 2018
  OS/Arch:          linux/amd64
  Experimental:     false
[34m[1mclang version[0m
clang version 7.0.0 (tags/RELEASE_700/final)
[34m[1mjq version[0m
jq-1.5
[34m[1mbats version[0m
Bats 0.4.0
[34m[1mshellcheck version[0m
0.6.0
[34m[1mshfmt version[0m
v2.6.3
[34m[1mccache version[0m
3.2.4
[34m[1mcmake version[0m
cmake version 3.12.4
[34m[1mheroku version[0m
heroku/7.27.1 linux-x64 node-v11.14.0
[34m[1mimagemagick version[0m
Version: ImageMagick 6.8.9-9 Q16 x86_64 2019-06-15 http://www.imagemagick.org
[34m[1mmd5deep version[0m
4.4
[34m[1mmercurial version[0m
version 4.8
[34m[1mmysql version[0m
mysql  Ver 14.14 Distrib 5.7.27, for Linux (x86_64) using  EditLine wrapper
[34m[1mopenssl version[0m
OpenSSL 1.0.2g  1 Mar 2016
[34m[1mpacker version[0m
1.3.3
[34m[1mpostgresql client version[0m
psql (PostgreSQL) 10.9 (Ubuntu 10.9-1.pgdg16.04+1)
[34m[1mragel version[0m
Ragel State Machine Compiler version 6.8 Feb 2013
[34m[1msudo version[0m
1.8.16
[34m[1mgzip version[0m
gzip 1.6
[34m[1mzip version[0m
Zip 3.0
[34m[1mvim version[0m
VIM - Vi IMproved 7.4 (2013 Aug 10, compiled Jun 07 2019 15:35:43)
[34m[1miptables version[0m
iptables v1.6.0
[34m[1mcurl version[0m
curl 7.47.0 (x86_64-pc-linux-gnu) libcurl/7.47.0 GnuTLS/3.4.10 zlib/1.2.8 libidn/1.32 librtmp/2.3
[34m[1mwget version[0m
GNU Wget 1.17.1 built on linux-gnu.
[34m[1mrsync version[0m
rsync  version 3.1.1  protocol version 31
[34m[1mgimme version[0m
v1.5.3
[34m[1mnvm version[0m
0.34.0
[34m[1mperlbrew version[0m
/home/travis/perl5/perlbrew/bin/perlbrew  - App::perlbrew/0.86
[34m[1mphpenv version[0m
rbenv 1.1.2-2-g4e92322
[34m[1mrvm version[0m
rvm 1.29.9 (latest) by Michal Papis, Piotr Kuczynski, Wayne E. Seguin [https://rvm.io]
[34m[1mdefault ruby version[0m
ruby 2.5.3p105 (2018-10-18 revision 65156) [x86_64-linux]
[34m[1mCouchDB version[0m
couchdb 1.6.1
[34m[1mElasticSearch version[0m
5.5.0
[34m[1mInstalled Firefox version[0m
firefox 63.0.1
[34m[1mMongoDB version[0m
MongoDB 4.0.11
[34m[1mPhantomJS version[0m
2.1.1
[34m[1mPre-installed PostgreSQL versions[0m
9.4.23
9.5.18
9.6.14
[34m[1mRedis version[0m
redis-server 5.0.5
[34m[1mPre-installed Go versions[0m
1.11.1
[34m[1mant version[0m
Apache Ant(TM) version 1.9.6 compiled on July 20 2018
[34m[1mmvn version[0m
Apache Maven 3.6.0 (97c98ec64a1fdfee7767ce5ffb20918da4f719f3; 2018-10-24T18:41:47Z)
[34m[1mgradle version[0m
Gradle 5.1.1!
[34m[1mlein version[0m
Leiningen 2.9.1 on Java 11.0.2 OpenJDK 64-Bit Server VM
[34m[1mPre-installed Node.js versions[0m
v10.16.1
v11.0.0
v4.9.1
v6.17.1
v8.12.0
v8.16.0
v8.9
[34m[1mphpenv versions[0m
  system
  5.6
  5.6.40
  7.1
  7.1.27
  7.2
* 7.2.15 (set by /home/travis/.phpenv/version)
  hhvm
  hhvm-stable
[34m[1mcomposer --version[0m
Composer version 1.8.4 2019-02-11 10:52:10
[34m[1mPre-installed Ruby versions[0m
ruby-2.3.8
ruby-2.4.5
ruby-2.5.3
travis_fold:end:system_info[0K
[31;1mTimeout waiting for network availability.[0m
curl: (6) Could not resolve host: cli-assets.heroku.com
xz: (stdin): File format not recognized
tar: Child returned status 1
tar: Error is not recoverable: exiting now
[31;1mFailed to update Heroku CLI[0m
travis_fold:start:docker_mtu[0Ktravis_fold:end:docker_mtu[0Ktravis_fold:start:resolvconf[0Ktravis_fold:end:resolvconf[0K
travis_fold:start:install_jdk[0K[33;1mInstalling openjdk8[0m
travis_fold:end:install_jdk[0K
travis_fold:start:git.checkout[0Ktravis_time:start:0bc5af98[0K$ git clone --depth=50 --branch=master https://github.com/apache/curator.git apache/curator
Cloning into 'apache/curator'...
fatal: unable to access 'https://github.com/apache/curator.git/': Failed to connect to github.com port 443: Connection timed out

[31;1mThe command "eval git clone --depth=50 --branch=master https://github.com/apache/curator.git apache/curator " failed. Retrying, 2 of 3.[0m

Cloning into 'apache/curator'...
fatal: unable to access 'https://github.com/apache/curator.git/': Failed to connect to github.com port 443: Connection timed out

[31;1mThe command "eval git clone --depth=50 --branch=master https://github.com/apache/curator.git apache/curator " failed. Retrying, 3 of 3.[0m

Cloning into 'apache/curator'...
fatal: unable to access 'https://github.com/apache/curator.git/': Failed to connect to github.com port 443: Connection timed out

[31;1mThe command "eval git clone --depth=50 --branch=master https://github.com/apache/curator.git apache/curator " failed 3 times.[0m

travis_time:end:0bc5af98:start=1565238430609764065,finish=1565238824311606121,duration=393701842056[0K$ cd apache/curator
/home/travis/.travis/functions: line 104: cd: apache/curator: No such file or directory
$ git checkout -qf b5eea4cde510d5c957912d89c03d06b2d690defe
fatal: not a git repository (or any of the parent directories): .git
[31;1mThe command "git checkout -qf b5eea4cde510d5c957912d89c03d06b2d690defe" failed and exited with 128 during .[0m

Your build has been stopped.
